# JRE version: OpenJDK Runtime Environment (11.0.11+9) (build 11.0.11+9-b60-7590822)
# Java VM: OpenJDK 64-Bit Server VM (11.0.11+9-b60-7590822, mixed mode, tiered, compressed oops, g1 gc, windows-amd64)
Heap:
 garbage-first heap   total 131072K, used 74026K [0x0000000080000000, 0x0000000100000000)
  region size 1024K, 10 young (10240K), 4 survivors (4096K)
 Metaspace       used 83307K, capacity 85358K, committed 85460K, reserved 1124352K
  class space    used 10800K, capacity 11592K, committed 11648K, reserved 1048576K
GC Heap History (20 events):
Event: 20.318 GC heap before
{Heap before GC invocations=9 (full 0):
 garbage-first heap   total 131072K, used 94998K [0x0000000080000000, 0x0000000100000000)
  region size 1024K, 64 young (65536K), 3 survivors (3072K)
 Metaspace       used 48024K, capacity 49146K, committed 49360K, reserved 1091584K
  class space    used 6127K, capacity 6608K, committed 6656K, reserved 1048576K
}
Event: 20.322 GC heap after
{Heap after GC invocations=10 (full 0):
 garbage-first heap   total 131072K, used 35895K [0x0000000080000000, 0x0000000100000000)
  region size 1024K, 6 young (6144K), 6 survivors (6144K)
 Metaspace       used 48024K, capacity 49146K, committed 49360K, reserved 1091584K
  class space    used 6127K, capacity 6608K, committed 6656K, reserved 1048576K
}
Event: 21.131 GC heap before
{Heap before GC invocations=10 (full 0):
 garbage-first heap   total 131072K, used 99383K [0x0000000080000000, 0x0000000100000000)
  region size 1024K, 66 young (67584K), 6 survivors (6144K)
 Metaspace       used 54858K, capacity 56150K, committed 56400K, reserved 1097728K
  class space    used 6976K, capacity 7480K, committed 7552K, reserved 1048576K
}
Event: 21.137 GC heap after
{Heap after GC invocations=11 (full 0):
 garbage-first heap   total 131072K, used 44342K [0x0000000080000000, 0x0000000100000000)
  region size 1024K, 9 young (9216K), 9 survivors (9216K)
 Metaspace       used 54858K, capacity 56150K, committed 56400K, reserved 1097728K
  class space    used 6976K, capacity 7480K, committed 7552K, reserved 1048576K
}
Event: 21.454 GC heap before
{Heap before GC invocations=11 (full 0):
 garbage-first heap   total 131072K, used 70966K [0x0000000080000000, 0x0000000100000000)
  region size 1024K, 36 young (36864K), 9 survivors (9216K)
 Metaspace       used 58763K, capacity 60134K, committed 60240K, reserved 1101824K
  class space    used 7430K, capacity 7973K, committed 8064K, reserved 1048576K
}
Event: 21.465 GC heap after
{Heap after GC invocations=12 (full 0):
 garbage-first heap   total 131072K, used 45844K [0x0000000080000000, 0x0000000100000000)
  region size 1024K, 2 young (2048K), 2 survivors (2048K)
 Metaspace       used 58763K, capacity 60134K, committed 60240K, reserved 1101824K
  class space    used 7430K, capacity 7973K, committed 8064K, reserved 1048576K
}
Event: 22.243 GC heap before
{Heap before GC invocations=13 (full 0):
 garbage-first heap   total 131072K, used 88852K [0x0000000080000000, 0x0000000100000000)
  region size 1024K, 45 young (46080K), 2 survivors (2048K)
 Metaspace       used 63728K, capacity 65241K, committed 65364K, reserved 1105920K
  class space    used 8034K, capacity 8603K, committed 8704K, reserved 1048576K
}
Event: 22.249 GC heap after
{Heap after GC invocations=14 (full 0):
 garbage-first heap   total 131072K, used 49412K [0x0000000080000000, 0x0000000100000000)
  region size 1024K, 5 young (5120K), 5 survivors (5120K)
 Metaspace       used 63728K, capacity 65241K, committed 65364K, reserved 1105920K
  class space    used 8034K, capacity 8603K, committed 8704K, reserved 1048576K
}
Event: 22.927 GC heap before
{Heap before GC invocations=15 (full 0):
 garbage-first heap   total 131072K, used 94468K [0x0000000080000000, 0x0000000100000000)
  region size 1024K, 48 young (49152K), 5 survivors (5120K)
 Metaspace       used 65684K, capacity 67235K, committed 67412K, reserved 1107968K
  class space    used 8301K, capacity 8878K, committed 8960K, reserved 1048576K
}
Event: 22.932 GC heap after
{Heap after GC invocations=16 (full 0):
 garbage-first heap   total 131072K, used 52637K [0x0000000080000000, 0x0000000100000000)
  region size 1024K, 4 young (4096K), 4 survivors (4096K)
 Metaspace       used 65684K, capacity 67235K, committed 67412K, reserved 1107968K
  class space    used 8301K, capacity 8878K, committed 8960K, reserved 1048576K
}
Event: 23.906 GC heap before
{Heap before GC invocations=16 (full 0):
 garbage-first heap   total 131072K, used 95645K [0x0000000080000000, 0x0000000100000000)
  region size 1024K, 46 young (47104K), 4 survivors (4096K)
 Metaspace       used 69800K, capacity 71342K, committed 71380K, reserved 1112064K
  class space    used 8974K, capacity 9562K, committed 9600K, reserved 1048576K
}
Event: 23.912 GC heap after
{Heap after GC invocations=17 (full 0):
 garbage-first heap   total 131072K, used 55277K [0x0000000080000000, 0x0000000100000000)
  region size 1024K, 6 young (6144K), 6 survivors (6144K)
 Metaspace       used 69800K, capacity 71342K, committed 71380K, reserved 1112064K
  class space    used 8974K, capacity 9562K, committed 9600K, reserved 1048576K
}
Event: 24.687 GC heap before
{Heap before GC invocations=17 (full 0):
 garbage-first heap   total 131072K, used 99309K [0x0000000080000000, 0x0000000100000000)
  region size 1024K, 49 young (50176K), 6 survivors (6144K)
 Metaspace       used 73867K, capacity 75482K, committed 75604K, reserved 1114112K
  class space    used 9573K, capacity 10182K, committed 10240K, reserved 1048576K
}
Event: 24.694 GC heap after
{Heap after GC invocations=18 (full 0):
 garbage-first heap   total 131072K, used 58059K [0x0000000080000000, 0x0000000100000000)
  region size 1024K, 6 young (6144K), 6 survivors (6144K)
 Metaspace       used 73867K, capacity 75482K, committed 75604K, reserved 1114112K
  class space    used 9573K, capacity 10182K, committed 10240K, reserved 1048576K
}
Event: 25.565 GC heap before
{Heap before GC invocations=18 (full 0):
 garbage-first heap   total 131072K, used 101067K [0x0000000080000000, 0x0000000100000000)
  region size 1024K, 48 young (49152K), 6 survivors (6144K)
 Metaspace       used 78694K, capacity 80450K, committed 80596K, reserved 1120256K
  class space    used 10209K, capacity 10859K, committed 10880K, reserved 1048576K
}
Event: 25.573 GC heap after
{Heap after GC invocations=19 (full 0):
 garbage-first heap   total 131072K, used 61016K [0x0000000080000000, 0x0000000100000000)
  region size 1024K, 6 young (6144K), 6 survivors (6144K)
 Metaspace       used 78694K, capacity 80450K, committed 80596K, reserved 1120256K
  class space    used 10209K, capacity 10859K, committed 10880K, reserved 1048576K
}
Event: 26.443 GC heap before
{Heap before GC invocations=19 (full 0):
 garbage-first heap   total 131072K, used 103000K [0x0000000080000000, 0x0000000100000000)
  region size 1024K, 48 young (49152K), 6 survivors (6144K)
 Metaspace       used 82659K, capacity 84675K, committed 84820K, reserved 1122304K
  class space    used 10705K, capacity 11452K, committed 11520K, reserved 1048576K
}
Event: 26.451 GC heap after
{Heap after GC invocations=20 (full 0):
 garbage-first heap   total 131072K, used 65262K [0x0000000080000000, 0x0000000100000000)
  region size 1024K, 6 young (6144K), 6 survivors (6144K)
 Metaspace       used 82659K, capacity 84675K, committed 84820K, reserved 1122304K
  class space    used 10705K, capacity 11452K, committed 11520K, reserved 1048576K
}
Event: 26.736 GC heap before
{Heap before GC invocations=20 (full 0):
 garbage-first heap   total 131072K, used 104174K [0x0000000080000000, 0x0000000100000000)
  region size 1024K, 45 young (46080K), 6 survivors (6144K)
 Metaspace       used 83259K, capacity 85347K, committed 85460K, reserved 1124352K
  class space    used 10799K, capacity 11590K, committed 11648K, reserved 1048576K
}
Event: 26.745 GC heap after
{Heap after GC invocations=21 (full 0):
 garbage-first heap   total 131072K, used 68906K [0x0000000080000000, 0x0000000100000000)
  region size 1024K, 4 young (4096K), 4 survivors (4096K)
 Metaspace       used 83259K, capacity 85347K, committed 85460K, reserved 1124352K
  class space    used 10799K, capacity 11590K, committed 11648K, reserved 1048576K
}

